<?xml version="1.0" encoding="UTF-8"?>
<!-- Generated by org.testng.reporters.JUnitXMLReporter -->
<testsuite hostname="User-PC" ignored="8" tests="0" failures="0" timestamp="21 Aug 2019 05:41:57 GMT" time="1.17" errors="0">
  <testcase name="@AfterTest signout" time="0.0" classname="tests.driverScript">
    <failure type="java.lang.NullPointerException">
      <![CDATA[java.lang.NullPointerException
	at tests.driverScript.signout(driverScript.java:317)
	at sun.reflect.NativeMethodAccessorImpl.invoke0(Native Method)
	at sun.reflect.NativeMethodAccessorImpl.invoke(NativeMethodAccessorImpl.java:62)
	at sun.reflect.DelegatingMethodAccessorImpl.invoke(DelegatingMethodAccessorImpl.java:43)
	at java.lang.reflect.Method.invoke(Method.java:497)
	at org.testng.internal.MethodInvocationHelper.invokeMethod(MethodInvocationHelper.java:104)
	at org.testng.internal.Invoker.invokeConfigurationMethod(Invoker.java:515)
	at org.testng.internal.Invoker.invokeConfigurations(Invoker.java:217)
	at org.testng.internal.Invoker.invokeConfigurations(Invoker.java:144)
	at org.testng.TestRunner.afterRun(TestRunner.java:983)
	at org.testng.TestRunner.run(TestRunner.java:614)
	at org.testng.SuiteRunner.runTest(SuiteRunner.java:387)
	at org.testng.SuiteRunner.runSequentially(SuiteRunner.java:382)
	at org.testng.SuiteRunner.privateRun(SuiteRunner.java:340)
	at org.testng.SuiteRunner.run(SuiteRunner.java:289)
	at org.testng.SuiteRunnerWorker.runSuite(SuiteRunnerWorker.java:52)
	at org.testng.SuiteRunnerWorker.run(SuiteRunnerWorker.java:86)
	at org.testng.TestNG.runSuitesSequentially(TestNG.java:1293)
	at org.testng.TestNG.runSuitesLocally(TestNG.java:1218)
	at org.testng.TestNG.runSuites(TestNG.java:1133)
	at org.testng.TestNG.run(TestNG.java:1104)
	at org.testng.remote.AbstractRemoteTestNG.run(AbstractRemoteTestNG.java:132)
	at org.testng.remote.RemoteTestNG.initAndRun(RemoteTestNG.java:230)
	at org.testng.remote.RemoteTestNG.main(RemoteTestNG.java:76)
]]>
    </failure>
  </testcase> <!-- @AfterTest signout -->
  <testcase name="createAssessment" time="0.0" classname="tests.driverScript">
    <ignored/>
  </testcase> <!-- createAssessment -->
  <testcase name="createVersionTemplate" time="0.0" classname="tests.driverScript">
    <ignored/>
  </testcase> <!-- createVersionTemplate -->
  <testcase name="createTemplate" time="0.0" classname="tests.driverScript">
    <ignored/>
  </testcase> <!-- createTemplate -->
  <testcase name="createTenant" time="0.0" classname="tests.driverScript">
    <ignored/>
  </testcase> <!-- createTenant -->
  <testcase name="validateTenantAndClient" time="0.0" classname="tests.driverScript">
    <ignored/>
  </testcase> <!-- validateTenantAndClient -->
  <testcase name="createUser" time="0.0" classname="tests.driverScript">
    <ignored/>
  </testcase> <!-- createUser -->
  <testcase name="createNewAuthority" time="0.0" classname="tests.driverScript">
    <ignored/>
  </testcase> <!-- createNewAuthority -->
  <testcase name="createEditions" time="0.0" classname="tests.driverScript">
    <ignored/>
  </testcase> <!-- createEditions -->
</testsuite>
