<?xml version="1.0" encoding="UTF-8"?>
<!-- Generated by org.testng.reporters.JUnitXMLReporter -->
<testsuite hostname="User-PC" ignored="0" name="Test" tests="2" failures="0" timestamp="13 Jul 2019 13:26:06 GMT" time="22.568" errors="0">
  <testcase name="@BeforeTest setup" time="0.0" classname="tests.NewTest">
    <failure type="java.lang.NullPointerException">
      <![CDATA[java.lang.NullPointerException
	at org.openqa.selenium.support.pagefactory.DefaultElementLocator.findElement(DefaultElementLocator.java:69)
	at org.openqa.selenium.support.pagefactory.internal.LocatingElementHandler.invoke(LocatingElementHandler.java:38)
	at com.sun.proxy.$Proxy7.click(Unknown Source)
	at Page.loginScreen.loginToApp(loginScreen.java:140)
	at tests.NewTest.setup(NewTest.java:43)
... Removed 23 stack frames]]>
    </failure>
  </testcase> <!-- @BeforeTest setup -->
  <testcase name="@AfterTest signout" time="0.0" classname="tests.NewTest">
    <skipped/>
  </testcase> <!-- @AfterTest signout -->
  <testcase name="createTemplate" time="0.001" classname="tests.NewTest">
    <skipped/>
  </testcase> <!-- createTemplate -->
  <testcase name="createAssessment" time="0.004" classname="tests.NewTest">
    <skipped/>
  </testcase> <!-- createAssessment -->
</testsuite> <!-- Test -->
