<?xml version="1.0" encoding="UTF-8"?>
<!-- Generated by org.testng.reporters.JUnitXMLReporter -->
<testsuite hostname="User-PC" ignored="7" name="Test1" tests="1" failures="0" timestamp="21 Aug 2019 06:08:24 GMT" time="129.932" errors="0">
  <testcase name="createUser" time="73.821" classname="tests.driverScript"/>
  <testcase name="createAssessment" time="0.0" classname="tests.driverScript">
    <ignored/>
  </testcase> <!-- createAssessment -->
  <testcase name="createVersionTemplate" time="0.0" classname="tests.driverScript">
    <ignored/>
  </testcase> <!-- createVersionTemplate -->
  <testcase name="createTemplate" time="0.0" classname="tests.driverScript">
    <ignored/>
  </testcase> <!-- createTemplate -->
  <testcase name="createTenant" time="0.0" classname="tests.driverScript">
    <ignored/>
  </testcase> <!-- createTenant -->
  <testcase name="validateTenantAndClient" time="0.0" classname="tests.driverScript">
    <ignored/>
  </testcase> <!-- validateTenantAndClient -->
  <testcase name="createNewAuthority" time="0.0" classname="tests.driverScript">
    <ignored/>
  </testcase> <!-- createNewAuthority -->
  <testcase name="createEditions" time="0.0" classname="tests.driverScript">
    <ignored/>
  </testcase> <!-- createEditions -->
</testsuite> <!-- Test1 -->
