<?xml version="1.0" encoding="UTF-8"?>
<!-- Generated by org.testng.reporters.JUnitXMLReporter -->
<testsuite ignored="8" hostname="DESKTOP-OPHQ3EL" failures="0" tests="1" name="Test for create User" time="138.229" errors="0" timestamp="28 Jan 2020 10:59:20 GMT">
  <testcase classname="tests.driverScript" name="@BeforeMethod login" time="0.0">
    <failure type="java.lang.AssertionError" message="Page not loaded for login. Stooping the test">
      <![CDATA[java.lang.AssertionError: Page not loaded for login. Stooping the test
	at Page.loginScreen.loginToApp(loginScreen.java:2072)
	at Page.loginScreen.init(loginScreen.java:2026)
	at tests.driverScript.login(driverScript.java:65)
... Removed 27 stack frames]]>
    </failure>
  </testcase> <!-- @BeforeMethod login -->
  <testcase classname="tests.driverScript" name="@AfterMethod logout" time="0.0">
    <skipped/>
  </testcase> <!-- @AfterMethod logout -->
  <testcase classname="tests.driverScript" name="createUser" time="0.003">
    <skipped/>
  </testcase> <!-- createUser -->
  <testcase classname="tests.driverScript" name="CreateMarketplaceAssessmentTemplate" time="0.0">
    <ignored/>
  </testcase> <!-- CreateMarketplaceAssessmentTemplate -->
  <testcase classname="tests.driverScript" name="CreateAuthorityAndProvisionFromHost" time="0.0">
    <ignored/>
  </testcase> <!-- CreateAuthorityAndProvisionFromHost -->
  <testcase classname="tests.driverScript" name="creatSubmitAssessmentAndVerifyResult" time="0.0">
    <ignored/>
  </testcase> <!-- creatSubmitAssessmentAndVerifyResult -->
  <testcase classname="tests.driverScript" name="createAssessmentTemplateAndAssessment" time="0.0">
    <ignored/>
  </testcase> <!-- createAssessmentTemplateAndAssessment -->
  <testcase classname="tests.driverScript" name="CreateVersionOfAssessmentTemplate" time="0.0">
    <ignored/>
  </testcase> <!-- CreateVersionOfAssessmentTemplate -->
  <testcase classname="tests.driverScript" name="CustomBrandingForServiceProvider_1" time="0.0">
    <ignored/>
  </testcase> <!-- CustomBrandingForServiceProvider_1 -->
  <testcase classname="tests.driverScript" name="createMplacecategory" time="0.0">
    <ignored/>
  </testcase> <!-- createMplacecategory -->
  <testcase classname="tests.driverScript" name="CustomBrandingForServiceProvider_2" time="0.0">
    <ignored/>
  </testcase> <!-- CustomBrandingForServiceProvider_2 -->
</testsuite> <!-- Test for create User -->
