<?xml version="1.0" encoding="UTF-8"?>
<!-- Generated by org.testng.reporters.JUnitXMLReporter -->
<testsuite ignored="8" hostname="DESKTOP-OPHQ3EL" failures="0" tests="1" name="Test for NewAuthority and Provision" time="87.948" errors="0" timestamp="28 Jan 2020 11:02:26 GMT">
  <testcase classname="tests.driverScript" name="CreateAuthorityAndProvisionFromHost" time="64.248"/>
  <testcase classname="tests.driverScript" name="CreateMarketplaceAssessmentTemplate" time="0.0">
    <ignored/>
  </testcase> <!-- CreateMarketplaceAssessmentTemplate -->
  <testcase classname="tests.driverScript" name="creatSubmitAssessmentAndVerifyResult" time="0.0">
    <ignored/>
  </testcase> <!-- creatSubmitAssessmentAndVerifyResult -->
  <testcase classname="tests.driverScript" name="createUser" time="0.0">
    <ignored/>
  </testcase> <!-- createUser -->
  <testcase classname="tests.driverScript" name="createAssessmentTemplateAndAssessment" time="0.0">
    <ignored/>
  </testcase> <!-- createAssessmentTemplateAndAssessment -->
  <testcase classname="tests.driverScript" name="CreateVersionOfAssessmentTemplate" time="0.0">
    <ignored/>
  </testcase> <!-- CreateVersionOfAssessmentTemplate -->
  <testcase classname="tests.driverScript" name="CustomBrandingForServiceProvider_1" time="0.0">
    <ignored/>
  </testcase> <!-- CustomBrandingForServiceProvider_1 -->
  <testcase classname="tests.driverScript" name="createMplacecategory" time="0.0">
    <ignored/>
  </testcase> <!-- createMplacecategory -->
  <testcase classname="tests.driverScript" name="CustomBrandingForServiceProvider_2" time="0.0">
    <ignored/>
  </testcase> <!-- CustomBrandingForServiceProvider_2 -->
</testsuite> <!-- Test for NewAuthority and Provision -->
