<?xml version="1.0" encoding="UTF-8"?>
<!-- Generated by org.testng.reporters.JUnitXMLReporter -->
<testsuite ignored="8" hostname="DESKTOP-OPHQ3EL" failures="0" tests="1" name="Test for create Assessment" time="577.352" errors="0" timestamp="28 Jan 2020 11:12:03 GMT">
  <testcase classname="tests.driverScript" name="creatSubmitAssessmentAndVerifyResult" time="537.955"/>
  <testcase classname="tests.driverScript" name="CreateMarketplaceAssessmentTemplate" time="0.0">
    <ignored/>
  </testcase> <!-- CreateMarketplaceAssessmentTemplate -->
  <testcase classname="tests.driverScript" name="CreateAuthorityAndProvisionFromHost" time="0.0">
    <ignored/>
  </testcase> <!-- CreateAuthorityAndProvisionFromHost -->
  <testcase classname="tests.driverScript" name="createUser" time="0.0">
    <ignored/>
  </testcase> <!-- createUser -->
  <testcase classname="tests.driverScript" name="createAssessmentTemplateAndAssessment" time="0.0">
    <ignored/>
  </testcase> <!-- createAssessmentTemplateAndAssessment -->
  <testcase classname="tests.driverScript" name="CreateVersionOfAssessmentTemplate" time="0.0">
    <ignored/>
  </testcase> <!-- CreateVersionOfAssessmentTemplate -->
  <testcase classname="tests.driverScript" name="CustomBrandingForServiceProvider_1" time="0.0">
    <ignored/>
  </testcase> <!-- CustomBrandingForServiceProvider_1 -->
  <testcase classname="tests.driverScript" name="createMplacecategory" time="0.0">
    <ignored/>
  </testcase> <!-- createMplacecategory -->
  <testcase classname="tests.driverScript" name="CustomBrandingForServiceProvider_2" time="0.0">
    <ignored/>
  </testcase> <!-- CustomBrandingForServiceProvider_2 -->
</testsuite> <!-- Test for create Assessment -->
