<?xml version="1.0" encoding="UTF-8"?>
<!-- Generated by org.testng.reporters.JUnitXMLReporter -->
<testsuite hostname="User-PC" ignored="8" name="Test for create Assessment" tests="1" failures="0" timestamp="15 Sep 2019 05:35:40 GMT" time="614.694" errors="0">
  <testcase name="creatSubmitAssessmentAndVerifyResult" time="560.143" classname="tests.driverScript"/>
  <testcase name="CreateAuthorityAndProvisionFromHost" time="0.0" classname="tests.driverScript">
    <ignored/>
  </testcase> <!-- CreateAuthorityAndProvisionFromHost -->
  <testcase name="CreateMarketplaceAssessmentTemplate" time="0.0" classname="tests.driverScript">
    <ignored/>
  </testcase> <!-- CreateMarketplaceAssessmentTemplate -->
  <testcase name="createUser" time="0.0" classname="tests.driverScript">
    <ignored/>
  </testcase> <!-- createUser -->
  <testcase name="createAssessmentTemplateAndAssessment" time="0.0" classname="tests.driverScript">
    <ignored/>
  </testcase> <!-- createAssessmentTemplateAndAssessment -->
  <testcase name="CreateVersionOfAssessmentTemplate" time="0.0" classname="tests.driverScript">
    <ignored/>
  </testcase> <!-- CreateVersionOfAssessmentTemplate -->
  <testcase name="CustomBrandingForServiceProvider_1" time="0.0" classname="tests.driverScript">
    <ignored/>
  </testcase> <!-- CustomBrandingForServiceProvider_1 -->
  <testcase name="createMplacecategory" time="0.0" classname="tests.driverScript">
    <ignored/>
  </testcase> <!-- createMplacecategory -->
  <testcase name="CustomBrandingForServiceProvider_2" time="0.0" classname="tests.driverScript">
    <ignored/>
  </testcase> <!-- CustomBrandingForServiceProvider_2 -->
</testsuite> <!-- Test for create Assessment -->
