<?xml version="1.0" encoding="UTF-8"?>
<!-- Generated by org.testng.reporters.JUnitXMLReporter -->
<testsuite ignored="8" hostname="DESKTOP-OPHQ3EL" failures="0" tests="1" name="Test for validating tenant and client" time="183.397" errors="0" timestamp="28 Jan 2020 10:19:53 GMT">
  <testcase classname="tests.driverScript" name="CustomBrandingForServiceProvider_2" time="140.016"/>
  <testcase classname="tests.driverScript" name="CreateAuthorityAndProvisionFromHost" time="0.0">
    <ignored/>
  </testcase> <!-- CreateAuthorityAndProvisionFromHost -->
  <testcase classname="tests.driverScript" name="CreateMarketplaceAssessmentTemplate" time="0.0">
    <ignored/>
  </testcase> <!-- CreateMarketplaceAssessmentTemplate -->
  <testcase classname="tests.driverScript" name="creatSubmitAssessmentAndVerifyResult" time="0.0">
    <ignored/>
  </testcase> <!-- creatSubmitAssessmentAndVerifyResult -->
  <testcase classname="tests.driverScript" name="createUser" time="0.0">
    <ignored/>
  </testcase> <!-- createUser -->
  <testcase classname="tests.driverScript" name="createAssessmentTemplateAndAssessment" time="0.0">
    <ignored/>
  </testcase> <!-- createAssessmentTemplateAndAssessment -->
  <testcase classname="tests.driverScript" name="CreateVersionOfAssessmentTemplate" time="0.0">
    <ignored/>
  </testcase> <!-- CreateVersionOfAssessmentTemplate -->
  <testcase classname="tests.driverScript" name="CustomBrandingForServiceProvider_1" time="0.0">
    <ignored/>
  </testcase> <!-- CustomBrandingForServiceProvider_1 -->
  <testcase classname="tests.driverScript" name="createMplacecategory" time="0.0">
    <ignored/>
  </testcase> <!-- createMplacecategory -->
</testsuite> <!-- Test for validating tenant and client -->
