<?xml version="1.0" encoding="UTF-8"?>
<testng-results ignored="8" total="9" passed="1" failed="0" skipped="0">
  <reporter-output>
    <line>
      <![CDATA[Creating object of chrome browser]]>
    </line>
    <line>
      <![CDATA[Naviagating to the URL.]]>
    </line>
    <line>
      <![CDATA[New template created successfully with name: myTemplate1868]]>
    </line>
  </reporter-output>
  <suite started-at="2020-01-28T17:09:37Z" name="Suite1" finished-at="2020-01-28T17:15:46Z" duration-ms="369194">
    <groups>
    </groups>
    <test started-at="2020-01-28T17:09:37Z" name="Test for creating version template" finished-at="2020-01-28T17:15:46Z" duration-ms="369194">
      <class name="tests.driverScript">
        <test-method is-config="true" signature="setup()[pri:0, instance:tests.driverScript@2ddc9a9f]" started-at="2020-01-28T22:39:36Z" name="setup" finished-at="2020-01-28T22:39:37Z" duration-ms="1084" status="PASS">
          <reporter-output>
          </reporter-output>
        </test-method> <!-- setup -->
        <test-method is-config="true" signature="login(java.lang.String, [Ljava.lang.Object;)[pri:0, instance:tests.driverScript@2ddc9a9f]" started-at="2020-01-28T22:39:37Z" name="login" finished-at="2020-01-28T22:41:21Z" duration-ms="104139" status="PASS">
          <params>
            <param index="0">
              <value>
                <![CDATA[Team]]>
              </value>
            </param>
            <param index="1">
              <value>
                <![CDATA[[Ljava.lang.Object;@3491e86e]]>
              </value>
            </param>
          </params>
          <reporter-output>
            <line>
              <![CDATA[Creating object of chrome browser]]>
            </line>
            <line>
              <![CDATA[Naviagating to the URL.]]>
            </line>
          </reporter-output>
        </test-method> <!-- login -->
        <test-method signature="CreateVersionOfAssessmentTemplate(java.util.Map)[pri:0, instance:tests.driverScript@2ddc9a9f]" started-at="2020-01-28T22:41:21Z" name="CreateVersionOfAssessmentTemplate" data-provider="data" finished-at="2020-01-28T22:45:46Z" duration-ms="264834" status="PASS">
          <params>
            <param index="0">
              <value>
                <![CDATA[{EmailID=dovame3422@winmails.net, Option2=TestOption2, AuthorityName=BestOne, Option1=TestOption1, Question2Heading=Custom Question1, sellerPrice=111, TagName=My Tag, Q2HeadTemp=Responce question for template, Question1Heading=Yes No Question1, RunStatus=Y, TeamName=Test, Question1Description=My first question for YesNo, DefaultUser=Defaultuser, TemplateName=myTemplate, Q1HeadTemp=Custom Question1 for template, Question2Description=My first question Custom, uploadFile=CIS.png, VendorName=test, DomainName=New Domain, TempWeight=10, editAuthorityURL=abc, PrefAnswer1=No, TemplateType=Modern Slavery, PrefAnswer2=Yes, AssessmentName=CrAssessment, AuthorityBodyName=First Auth, ActionName=ActionName1, sectorNameAuthority=sector name, Q2DescTemp=Responce question for template, TagDesc=Tag Description, Q1DescTemp=My first question Custom for template, editJurisName=India, MktName=MyMarket, MktDesc=Description 1}]]>
              </value>
            </param>
          </params>
          <reporter-output>
            <line>
              <![CDATA[New template created successfully with name: myTemplate1868]]>
            </line>
          </reporter-output>
        </test-method> <!-- CreateVersionOfAssessmentTemplate -->
        <test-method is-config="true" signature="logout()[pri:0, instance:tests.driverScript@2ddc9a9f]" started-at="2020-01-28T22:45:46Z" name="logout" finished-at="2020-01-28T22:45:46Z" duration-ms="103" status="PASS">
          <reporter-output>
          </reporter-output>
        </test-method> <!-- logout -->
      </class> <!-- tests.driverScript -->
    </test> <!-- Test for creating version template -->
  </suite> <!-- Suite1 -->
</testng-results>
